aurman
bluemix-cli
cdm-git
cower
docker-machine-kvm
expac-git
gnome-mime-data
gnome-perl
gnome-vfs
gnome-vfs-perl
gnomecanvas-perl
gstreamer0.10
libbonobo
libbonoboui
libgnome
libgnome-data
libgnomeui
libxfce4ui-devel
libxfce4util-devel
minishift-bin
ncurses5-compat-libs
oh-my-zsh-git
openshift-origin-server-bin
orbit2
perl-cpanel-json-xs
perl-gnome2-wnck
perl-gtk2-imageview
perl-gtk2-unique
perl-json-maybexs
polybar-git
ranger-git
shutter
simple-mtpfs
spotify
terminus-font-ttf
thunar-git
transmission-remote-cli-git
ttf-font-awesome-4
urlview
vim-fzf-git
wpa_supplicant_gui
