acetoneiso2
adobe-source-han-sans-jp-fonts
alsa-utils
ark
atool
autoconf
automake
bash
binutils
bison
bzip2
compton
coreutils
cpio
cryptsetup
device-mapper
dhcpcd
dialog
diffutils
docker
docker-compose
docker-machine
e2fsprogs
expac
fakeroot
feh
ffmpegthumbnailer
file
file-roller
filesystem
findutils
firefox
flex
fuseiso
fzf
gawk
gcc
gcc-libs
gettext
git
glibc
grep
groff
grub
gvfs
gvfs-afc
gvfs-goa
gvfs-google
gvfs-gphoto2
gvfs-mtp
gvfs-nfs
gvfs-smb
gzip
highlight
i3-gaps
i3blocks
i3lock
i3status
inetutils
intel-ucode
iproute2
iputils
iw
jfsutils
konsole
lastpass-cli
less
lib32-mesa
libisoburn
libtool
licenses
linux
logrotate
lshw
lvm2
m4
make
man-db
man-pages
maven
mdadm
mediainfo
mesa
nano
netctl
nodejs
npm
ntfs-3g
ntp
numlockx
openssh
otf-ipafont
p7zip
pacman
patch
pciutils
pcmciautils
perl
perl-image-exiftool
pkg-config
poppler
procps-ng
psmisc
python-chardet
redshift
reiserfsprogs
rofi
ruby-docs
s-nail
scrot
sed
shadow
sudo
sysfsutils
systemd
systemd-sysvcompat
tamsyn-font
tar
terminus-font
texinfo
thunar-archive-plugin
thunar-media-tags-plugin
thunar-volman
tk
tmux
transmission-cli
ttf-hanazono
ttf-sazanami
tumbler
udevil
unace
unrar
usbutils
util-linux
vagrant
vde2
vi
vim
virtualbox
virtualbox-ext-vnc
virtualbox-guest-iso
virtualbox-host-modules-arch
virtualbox-sdk
w3m
weechat
wget
which
wmctrl
wpa_supplicant
xarchiver
xclip
xf86-video-intel
xfsprogs
xorg-server
xorg-twm
xorg-xclock
xorg-xinit
xorg-xrandr
xterm
yajl
zsh
zsh-completions
